<?xml version="1.0" encoding="UTF-8"?>
<!-- Generated by org.testng.reporters.JUnitReportReporter -->
<testsuite hostname="LAPTOP-PB7A2EIU" failures="0" tests="3" name="com.qa.hubspot.tests.LoginPageTest" time="8.182" errors="0" timestamp="2020-07-23T14:07:17 CDT" skipped="0">
  <testcase classname="com.qa.hubspot.tests.LoginPageTest" name="verifySignUpLinkTest" time="4.444"/>
  <system-out/>
  <testcase classname="com.qa.hubspot.tests.LoginPageTest" name="verifyLoginPageTitleTest" time="0.108"/>
  <system-out/>
  <testcase classname="com.qa.hubspot.tests.LoginPageTest" name="verifyLoginTest" time="3.630"/>
  <system-out/>
</testsuite> <!-- com.qa.hubspot.tests.LoginPageTest -->
