<?xml version="1.0" encoding="UTF-8"?>
<!-- Generated by org.testng.reporters.JUnitReportReporter -->
<testsuite hostname="LAPTOP-PB7A2EIU" failures="0" tests="3" name="com.qa.hubspot.tests.ContactsPageTest" time="1.798" errors="0" timestamp="18 Jul 2020 22:41:13 GMT" skipped="1">
  <testcase classname="com.qa.hubspot.tests.ContactsPageTest" name="verifyGetContactsPageTitleTest" time="0.805"/>
  <testcase classname="com.qa.hubspot.tests.ContactsPageTest" name="verifyGetContactsPageHeaderTest" time="0.993"/>
  <testcase classname="com.qa.hubspot.tests.ContactsPageTest" name="verifyCreateContact" time="0.000">
    <skipped/>
  </testcase> <!-- verifyCreateContact -->
</testsuite> <!-- com.qa.hubspot.tests.ContactsPageTest -->
