<?xml version="1.0" encoding="UTF-8"?>
<!-- Generated by org.testng.reporters.JUnitReportReporter -->
<testsuite hostname="LAPTOP-PB7A2EIU" failures="0" tests="3" name="com.qa.hubspot.tests.LoginPageTest" time="9.480" errors="0" timestamp="18 Jul 2020 22:41:13 GMT" skipped="0">
  <testcase classname="com.qa.hubspot.tests.LoginPageTest" name="verifySignUpLinkTest" time="5.426"/>
  <testcase classname="com.qa.hubspot.tests.LoginPageTest" name="verifyLoginPageTitleTest" time="0.163"/>
  <testcase classname="com.qa.hubspot.tests.LoginPageTest" name="verifyLoginTest" time="3.891"/>
</testsuite> <!-- com.qa.hubspot.tests.LoginPageTest -->
