<?xml version="1.0" encoding="UTF-8"?>
<!-- Generated by org.testng.reporters.JUnitReportReporter -->
<testsuite hostname="LAPTOP-PB7A2EIU" failures="0" tests="3" name="com.qa.hubspot.tests.ContactsPageTest" time="1.469" errors="0" timestamp="2020-07-13T10:49:11 CDT" skipped="1">
  <testcase classname="com.qa.hubspot.tests.ContactsPageTest" name="verifyGetContactsPageTitleTest" time="0.281"/>
  <system-out/>
  <testcase classname="com.qa.hubspot.tests.ContactsPageTest" name="verifyGetContactsPageHeaderTest" time="1.188"/>
  <system-out/>
  <testcase classname="com.qa.hubspot.tests.ContactsPageTest" name="verifyCreateContact" time="0.000">
    <skipped/>
  </testcase> <!-- verifyCreateContact -->
  <system-out/>
</testsuite> <!-- com.qa.hubspot.tests.ContactsPageTest -->
